Started GET "/" for 127.0.0.1 at 2018-04-30 15:44:05 -0700
Processing by Rails::WelcomeController#index as HTML
  Rendering /Users/briangothberg/.rbenv/versions/2.3.1/lib/ruby/gems/2.3.0/gems/railties-5.1.4/lib/rails/templates/rails/welcome/index.html.erb
  Rendered /Users/briangothberg/.rbenv/versions/2.3.1/lib/ruby/gems/2.3.0/gems/railties-5.1.4/lib/rails/templates/rails/welcome/index.html.erb (3.6ms)
Completed 200 OK in 219ms (Views: 10.5ms)


Started GET "/" for 127.0.0.1 at 2018-05-02 15:16:48 -0700
  
ArgumentError (Missing :controller key on routes definition, please check your routes.):
  
config/routes.rb:3:in `block in <top (required)>'
config/routes.rb:1:in `<top (required)>'
Started GET "/" for 127.0.0.1 at 2018-05-02 15:17:32 -0700
Processing by HomeController#index as HTML
  Rendering home/index.html.erb within layouts/application
  Rendered home/index.html.erb within layouts/application (0.3ms)
Completed 200 OK in 550ms (Views: 546.8ms)


Started GET "/" for 127.0.0.1 at 2018-05-02 15:17:51 -0700
Processing by HomeController#index as HTML
  Rendering home/index.html.erb within layouts/application
  Rendered home/index.html.erb within layouts/application (0.6ms)
Completed 200 OK in 25ms (Views: 21.6ms)


Started GET "/" for 127.0.0.1 at 2018-05-02 15:40:44 -0700
Processing by HomeController#index as HTML
  Rendering home/index.html.erb within layouts/application
  Rendered home/index.html.erb within layouts/application (0.6ms)
Completed 200 OK in 30ms (Views: 27.6ms)


Started GET "/" for 127.0.0.1 at 2018-05-02 15:43:34 -0700
Processing by HomeController#index as HTML
  Rendering home/index.html.erb within layouts/application
  Rendered home/index.html.erb within layouts/application (0.7ms)
Completed 200 OK in 114ms (Views: 109.3ms)


Started GET "/" for 127.0.0.1 at 2018-05-02 15:45:12 -0700
Processing by HomeController#index as HTML
  Rendering home/index.html.erb within layouts/application
  Rendered home/index.html.erb within layouts/application (2.6ms)
Completed 200 OK in 59ms (Views: 57.1ms)


Started GET "/" for 127.0.0.1 at 2018-05-02 15:45:33 -0700
Processing by HomeController#index as HTML
  Rendering home/index.html.erb within layouts/application
  Rendered home/index.html.erb within layouts/application (0.7ms)
Completed 200 OK in 30ms (Views: 28.4ms)


Started GET "/" for 127.0.0.1 at 2018-05-02 16:20:13 -0700
Processing by HomeController#index as HTML
  Rendering home/index.html.erb within layouts/application
  Rendered home/index.html.erb within layouts/application (1.5ms)
Completed 200 OK in 96ms (Views: 87.0ms)


Started GET "/" for 127.0.0.1 at 2018-05-02 16:26:29 -0700
Processing by HomeController#index as HTML
  Rendering home/index.html.erb within layouts/application
  Rendered home/index.html.erb within layouts/application (0.4ms)
Completed 200 OK in 32ms (Views: 29.7ms)


Started GET "/" for 127.0.0.1 at 2018-05-02 17:13:28 -0700
Processing by HomeController#index as HTML
  Rendering home/index.html.erb within layouts/application
  Rendered home/index.html.erb within layouts/application (1.4ms)
Completed 200 OK in 481ms (Views: 288.8ms)


Started GET "/" for 127.0.0.1 at 2018-05-02 17:16:43 -0700
Processing by HomeController#index as HTML
  Rendering home/index.html.erb within layouts/application
  Rendered home/index.html.erb within layouts/application (1.5ms)
Completed 200 OK in 398ms (Views: 196.7ms)


Started GET "/" for 127.0.0.1 at 2018-05-02 17:17:48 -0700
Processing by HomeController#index as HTML
  Rendering home/index.html.erb within layouts/application
  Rendered home/index.html.erb within layouts/application (0.4ms)
Completed 200 OK in 28ms (Views: 23.0ms)


Started GET "/" for 127.0.0.1 at 2018-05-02 17:18:24 -0700
Processing by HomeController#index as HTML
  Rendering home/index.html.erb within layouts/application
  Rendered home/index.html.erb within layouts/application (0.4ms)
Completed 200 OK in 21ms (Views: 19.2ms)


Started GET "/" for 127.0.0.1 at 2018-05-02 17:20:24 -0700
Processing by HomeController#index as HTML
  Rendering home/index.html.erb within layouts/application
  Rendered home/index.html.erb within layouts/application (0.5ms)
Completed 200 OK in 53ms (Views: 50.2ms)


Started GET "/" for 127.0.0.1 at 2018-05-02 17:24:41 -0700
Processing by HomeController#index as HTML
  Rendering home/index.html.erb within layouts/application
  Rendered home/index.html.erb within layouts/application (0.4ms)
Completed 200 OK in 36ms (Views: 33.7ms)


Started GET "/" for 127.0.0.1 at 2018-05-02 17:26:23 -0700
Processing by HomeController#index as HTML
  Rendering home/index.html.erb within layouts/application
  Rendered home/index.html.erb within layouts/application (0.5ms)
Completed 200 OK in 35ms (Views: 32.7ms)


Started GET "/" for 127.0.0.1 at 2018-05-02 17:26:26 -0700
Processing by HomeController#index as HTML
  Rendering home/index.html.erb within layouts/application
  Rendered home/index.html.erb within layouts/application (0.5ms)
Completed 200 OK in 23ms (Views: 21.0ms)


Started GET "/" for 127.0.0.1 at 2018-05-02 17:26:44 -0700
Processing by HomeController#index as HTML
  Rendering home/index.html.erb within layouts/application
  Rendered home/index.html.erb within layouts/application (0.9ms)
Completed 200 OK in 30ms (Views: 28.1ms)


Started GET "/" for 127.0.0.1 at 2018-05-02 17:26:46 -0700
Processing by HomeController#index as HTML
  Rendering home/index.html.erb within layouts/application
  Rendered home/index.html.erb within layouts/application (0.6ms)
Completed 200 OK in 26ms (Views: 23.5ms)


Started GET "/" for 127.0.0.1 at 2018-05-02 17:27:14 -0700
Processing by HomeController#index as HTML
  Rendering home/index.html.erb within layouts/application
  Rendered home/index.html.erb within layouts/application (0.4ms)
Completed 200 OK in 32ms (Views: 29.5ms)


Started GET "/" for 127.0.0.1 at 2018-05-02 17:28:00 -0700
Processing by HomeController#index as HTML
  Rendering home/index.html.erb within layouts/application
  Rendered home/index.html.erb within layouts/application (0.7ms)
Completed 200 OK in 35ms (Views: 33.5ms)


Started GET "/" for 127.0.0.1 at 2018-05-02 17:33:07 -0700
Processing by HomeController#index as HTML
  Rendering home/index.html.erb within layouts/application
  Rendered home/index.html.erb within layouts/application (0.4ms)
Completed 200 OK in 98ms (Views: 95.7ms)


Started GET "/" for 127.0.0.1 at 2018-05-02 17:33:47 -0700
Processing by HomeController#index as HTML
  Rendering home/index.html.erb within layouts/application
  Rendered home/index.html.erb within layouts/application (0.4ms)
Completed 200 OK in 20ms (Views: 17.0ms)


Started GET "/" for 127.0.0.1 at 2018-05-02 17:34:33 -0700
Processing by HomeController#index as HTML
  Rendering home/index.html.erb within layouts/application
  Rendered home/index.html.erb within layouts/application (0.6ms)
Completed 200 OK in 24ms (Views: 22.4ms)


Started GET "/" for 127.0.0.1 at 2018-05-02 17:34:42 -0700
Processing by HomeController#index as HTML
  Rendering home/index.html.erb within layouts/application
  Rendered home/index.html.erb within layouts/application (0.5ms)
Completed 200 OK in 23ms (Views: 21.4ms)


Started GET "/" for 127.0.0.1 at 2018-05-02 17:35:05 -0700
Processing by HomeController#index as HTML
  Rendering home/index.html.erb within layouts/application
  Rendered home/index.html.erb within layouts/application (0.4ms)
Completed 200 OK in 23ms (Views: 18.8ms)


Started GET "/" for 127.0.0.1 at 2018-05-02 17:41:27 -0700
Processing by HomeController#index as HTML
  Rendering home/index.html.erb within layouts/application
  Rendered home/index.html.erb within layouts/application (1.0ms)
Completed 200 OK in 43ms (Views: 39.6ms)


Started GET "/" for 127.0.0.1 at 2018-05-02 17:41:54 -0700
Processing by HomeController#index as HTML
  Rendering home/index.html.erb within layouts/application
  Rendered home/index.html.erb within layouts/application (0.6ms)
Completed 200 OK in 35ms (Views: 30.7ms)


Started GET "/" for 127.0.0.1 at 2018-05-02 17:42:41 -0700
Processing by HomeController#index as HTML
  Rendering home/index.html.erb within layouts/application
  Rendered home/index.html.erb within layouts/application (1.0ms)
Completed 200 OK in 33ms (Views: 30.7ms)


Started GET "/" for 127.0.0.1 at 2018-05-02 17:42:54 -0700
Processing by HomeController#index as HTML
  Rendering home/index.html.erb within layouts/application
  Rendered home/index.html.erb within layouts/application (1.0ms)
Completed 200 OK in 37ms (Views: 33.3ms)


Started GET "/" for 127.0.0.1 at 2018-05-02 17:43:55 -0700
Processing by HomeController#index as HTML
  Rendering home/index.html.erb within layouts/application
  Rendered home/index.html.erb within layouts/application (1.0ms)
Completed 200 OK in 38ms (Views: 35.1ms)


Started GET "/" for 127.0.0.1 at 2018-05-02 17:44:21 -0700
Processing by HomeController#index as HTML
  Rendering home/index.html.erb within layouts/application
  Rendered home/index.html.erb within layouts/application (1.3ms)
Completed 200 OK in 32ms (Views: 30.0ms)


Started GET "/" for 127.0.0.1 at 2018-05-02 17:44:44 -0700
Processing by HomeController#index as HTML
  Rendering home/index.html.erb within layouts/application
  Rendered home/index.html.erb within layouts/application (0.6ms)
Completed 200 OK in 27ms (Views: 24.0ms)


Started GET "/" for 127.0.0.1 at 2018-05-02 17:45:44 -0700
Processing by HomeController#index as HTML
  Rendering home/index.html.erb within layouts/application
  Rendered home/index.html.erb within layouts/application (0.5ms)
Completed 200 OK in 25ms (Views: 21.2ms)


Started GET "/" for 127.0.0.1 at 2018-05-02 17:46:42 -0700
Processing by HomeController#index as HTML
  Rendering home/index.html.erb within layouts/application
  Rendered home/index.html.erb within layouts/application (1.3ms)
Completed 200 OK in 41ms (Views: 39.2ms)


Started GET "/" for 127.0.0.1 at 2018-05-02 17:47:02 -0700
Processing by HomeController#index as HTML
  Rendering home/index.html.erb within layouts/application
  Rendered home/index.html.erb within layouts/application (0.8ms)
Completed 200 OK in 28ms (Views: 24.2ms)


Started GET "/" for 127.0.0.1 at 2018-05-02 17:47:53 -0700
Processing by HomeController#index as HTML
  Rendering home/index.html.erb within layouts/application
  Rendered home/index.html.erb within layouts/application (0.5ms)
Completed 200 OK in 30ms (Views: 28.2ms)


Started GET "/" for 127.0.0.1 at 2018-05-02 19:15:21 -0700
Processing by HomeController#index as HTML
  Rendering home/index.html.erb within layouts/application
  Rendered home/index.html.erb within layouts/application (3.6ms)
Completed 200 OK in 83ms (Views: 72.6ms)


Started GET "/" for 127.0.0.1 at 2018-05-02 19:17:23 -0700
Processing by HomeController#index as HTML
  Rendering home/index.html.erb within layouts/application
  Rendered home/index.html.erb within layouts/application (0.8ms)
Completed 200 OK in 32ms (Views: 29.0ms)


Started GET "/" for 127.0.0.1 at 2018-05-02 19:18:35 -0700
Processing by HomeController#index as HTML
  Rendering home/index.html.erb within layouts/application
  Rendered home/index.html.erb within layouts/application (0.6ms)
Completed 200 OK in 29ms (Views: 26.3ms)


Started GET "/" for 127.0.0.1 at 2018-05-02 19:23:01 -0700
Processing by HomeController#index as HTML
  Rendering home/index.html.erb within layouts/application
  Rendered home/index.html.erb within layouts/application (0.7ms)
Completed 200 OK in 78ms (Views: 75.0ms)


Started GET "/" for 127.0.0.1 at 2018-05-02 20:30:50 -0700
Processing by HomeController#index as HTML
  Rendering home/index.html.erb within layouts/application
  Rendered home/index.html.erb within layouts/application (1.3ms)
Completed 200 OK in 428ms (Views: 228.2ms)


Started GET "/home/index" for 127.0.0.1 at 2018-05-02 20:30:52 -0700
Processing by HomeController#index as HTML
  Rendering home/index.html.erb within layouts/application
  Rendered home/index.html.erb within layouts/application (0.6ms)
Completed 200 OK in 30ms (Views: 27.5ms)


Started GET "/membership/index" for 127.0.0.1 at 2018-05-02 20:30:54 -0700
Processing by MembershipController#index as HTML
  Rendering membership/index.html.erb within layouts/application
  Rendered membership/index.html.erb within layouts/application (0.3ms)
Completed 200 OK in 24ms (Views: 22.1ms)


Started GET "/home/home/index" for 127.0.0.1 at 2018-05-02 20:30:56 -0700
  
ActionController::RoutingError (No route matches [GET] "/home/home/index"):
  
actionpack (5.1.4) lib/action_dispatch/middleware/debug_exceptions.rb:63:in `call'
web-console (3.5.1) lib/web_console/middleware.rb:135:in `call_app'
web-console (3.5.1) lib/web_console/middleware.rb:28:in `block in call'
web-console (3.5.1) lib/web_console/middleware.rb:18:in `catch'
web-console (3.5.1) lib/web_console/middleware.rb:18:in `call'
actionpack (5.1.4) lib/action_dispatch/middleware/show_exceptions.rb:31:in `call'
railties (5.1.4) lib/rails/rack/logger.rb:36:in `call_app'
railties (5.1.4) lib/rails/rack/logger.rb:24:in `block in call'
activesupport (5.1.4) lib/active_support/tagged_logging.rb:69:in `block in tagged'
activesupport (5.1.4) lib/active_support/tagged_logging.rb:26:in `tagged'
activesupport (5.1.4) lib/active_support/tagged_logging.rb:69:in `tagged'
railties (5.1.4) lib/rails/rack/logger.rb:24:in `call'
sprockets-rails (3.2.1) lib/sprockets/rails/quiet_assets.rb:13:in `call'
actionpack (5.1.4) lib/action_dispatch/middleware/remote_ip.rb:79:in `call'
actionpack (5.1.4) lib/action_dispatch/middleware/request_id.rb:25:in `call'
rack (2.0.3) lib/rack/method_override.rb:22:in `call'
rack (2.0.3) lib/rack/runtime.rb:22:in `call'
activesupport (5.1.4) lib/active_support/cache/strategy/local_cache_middleware.rb:27:in `call'
actionpack (5.1.4) lib/action_dispatch/middleware/executor.rb:12:in `call'
actionpack (5.1.4) lib/action_dispatch/middleware/static.rb:125:in `call'
rack (2.0.3) lib/rack/sendfile.rb:111:in `call'
railties (5.1.4) lib/rails/engine.rb:522:in `call'
puma (3.11.0) lib/puma/configuration.rb:225:in `call'
puma (3.11.0) lib/puma/server.rb:624:in `handle_request'
puma (3.11.0) lib/puma/server.rb:438:in `process_client'
puma (3.11.0) lib/puma/server.rb:302:in `block in run'
puma (3.11.0) lib/puma/thread_pool.rb:120:in `block in spawn_thread'
Started GET "/home/index" for 127.0.0.1 at 2018-05-02 20:30:58 -0700
Processing by HomeController#index as HTML
  Rendering home/index.html.erb within layouts/application
  Rendered home/index.html.erb within layouts/application (0.4ms)
Completed 200 OK in 23ms (Views: 21.2ms)


Started GET "/home/index" for 127.0.0.1 at 2018-05-02 20:31:07 -0700
Processing by HomeController#index as HTML
  Rendering home/index.html.erb within layouts/application
  Rendered home/index.html.erb within layouts/application (0.4ms)
Completed 200 OK in 21ms (Views: 18.4ms)


Started GET "/home/home/index" for 127.0.0.1 at 2018-05-02 20:31:09 -0700
  
ActionController::RoutingError (No route matches [GET] "/home/home/index"):
  
actionpack (5.1.4) lib/action_dispatch/middleware/debug_exceptions.rb:63:in `call'
web-console (3.5.1) lib/web_console/middleware.rb:135:in `call_app'
web-console (3.5.1) lib/web_console/middleware.rb:28:in `block in call'
web-console (3.5.1) lib/web_console/middleware.rb:18:in `catch'
web-console (3.5.1) lib/web_console/middleware.rb:18:in `call'
actionpack (5.1.4) lib/action_dispatch/middleware/show_exceptions.rb:31:in `call'
railties (5.1.4) lib/rails/rack/logger.rb:36:in `call_app'
railties (5.1.4) lib/rails/rack/logger.rb:24:in `block in call'
activesupport (5.1.4) lib/active_support/tagged_logging.rb:69:in `block in tagged'
activesupport (5.1.4) lib/active_support/tagged_logging.rb:26:in `tagged'
activesupport (5.1.4) lib/active_support/tagged_logging.rb:69:in `tagged'
railties (5.1.4) lib/rails/rack/logger.rb:24:in `call'
sprockets-rails (3.2.1) lib/sprockets/rails/quiet_assets.rb:13:in `call'
actionpack (5.1.4) lib/action_dispatch/middleware/remote_ip.rb:79:in `call'
actionpack (5.1.4) lib/action_dispatch/middleware/request_id.rb:25:in `call'
rack (2.0.3) lib/rack/method_override.rb:22:in `call'
rack (2.0.3) lib/rack/runtime.rb:22:in `call'
activesupport (5.1.4) lib/active_support/cache/strategy/local_cache_middleware.rb:27:in `call'
actionpack (5.1.4) lib/action_dispatch/middleware/executor.rb:12:in `call'
actionpack (5.1.4) lib/action_dispatch/middleware/static.rb:125:in `call'
rack (2.0.3) lib/rack/sendfile.rb:111:in `call'
railties (5.1.4) lib/rails/engine.rb:522:in `call'
puma (3.11.0) lib/puma/configuration.rb:225:in `call'
puma (3.11.0) lib/puma/server.rb:624:in `handle_request'
puma (3.11.0) lib/puma/server.rb:438:in `process_client'
puma (3.11.0) lib/puma/server.rb:302:in `block in run'
puma (3.11.0) lib/puma/thread_pool.rb:120:in `block in spawn_thread'
Started GET "/home/index" for 127.0.0.1 at 2018-05-02 20:31:12 -0700
Processing by HomeController#index as HTML
  Rendering home/index.html.erb within layouts/application
  Rendered home/index.html.erb within layouts/application (0.4ms)
Completed 200 OK in 24ms (Views: 22.1ms)


